<?xml version="1.0" encoding="UTF-8"?>
<testng-results skipped="0" failed="0" ignored="0" total="1" passed="1">
  <reporter-output>
  </reporter-output>
  <suite name="Suite" duration-ms="24301" started-at="2022-12-11T13:44:30Z" finished-at="2022-12-11T13:44:54Z">
    <groups>
    </groups>
    <test name="Test" duration-ms="24301" started-at="2022-12-11T13:44:30Z" finished-at="2022-12-11T13:44:54Z">
      <class name="com.cocus.TestCases.ValidateNotes">
        <test-method status="PASS" signature="initializeWebdriver(java.lang.String)[pri:0, instance:com.cocus.TestCases.ValidateNotes@6c3708b3]" name="initializeWebdriver" is-config="true" duration-ms="33995" started-at="2022-12-11T13:43:56Z" finished-at="2022-12-11T13:44:30Z">
          <params>
            <param index="0">
              <value>
                <![CDATA[Test]]>
              </value>
            </param>
          </params>
          <reporter-output>
          </reporter-output>
        </test-method> <!-- initializeWebdriver -->
        <test-method status="PASS" signature="beforeTest(org.testng.ITestContext)[pri:0, instance:com.cocus.TestCases.ValidateNotes@6c3708b3]" name="beforeTest" is-config="true" duration-ms="4" started-at="2022-12-11T13:44:30Z" finished-at="2022-12-11T13:44:30Z">
          <params>
            <param index="0">
              <value>
                <![CDATA[org.testng.TestRunner@4dcbae55]]>
              </value>
            </param>
          </params>
          <reporter-output>
          </reporter-output>
        </test-method> <!-- beforeTest -->
        <test-method status="PASS" signature="ValidateNotes()[pri:0, instance:com.cocus.TestCases.ValidateNotes@6c3708b3]" name="ValidateNotes" duration-ms="23974" started-at="2022-12-11T13:44:30Z" finished-at="2022-12-11T13:44:54Z">
          <reporter-output>
          </reporter-output>
        </test-method> <!-- ValidateNotes -->
        <test-method status="PASS" signature="terminateTimerSession()[pri:0, instance:com.cocus.TestCases.ValidateNotes@6c3708b3]" name="terminateTimerSession" is-config="true" duration-ms="0" started-at="2022-12-11T13:44:54Z" finished-at="2022-12-11T13:44:54Z">
          <reporter-output>
          </reporter-output>
        </test-method> <!-- terminateTimerSession -->
        <test-method status="PASS" signature="quitReport(org.testng.ITestContext)[pri:0, instance:com.cocus.TestCases.ValidateNotes@6c3708b3]" name="quitReport" is-config="true" duration-ms="293" started-at="2022-12-11T13:44:54Z" finished-at="2022-12-11T13:44:54Z">
          <params>
            <param index="0">
              <value>
                <![CDATA[org.testng.TestRunner@4dcbae55]]>
              </value>
            </param>
          </params>
          <reporter-output>
          </reporter-output>
        </test-method> <!-- quitReport -->
        <test-method status="PASS" signature="sendReportEmail()[pri:0, instance:com.cocus.TestCases.ValidateNotes@6c3708b3]" name="sendReportEmail" is-config="true" duration-ms="94" started-at="2022-12-11T13:44:54Z" finished-at="2022-12-11T13:44:54Z">
          <reporter-output>
          </reporter-output>
        </test-method> <!-- sendReportEmail -->
      </class> <!-- com.cocus.TestCases.ValidateNotes -->
    </test> <!-- Test -->
  </suite> <!-- Suite -->
</testng-results>
